This is pdfTeX, Version 3.14159265-2.6-1.40.21 (TeX Live 2020/W32TeX) (preloaded format=pdflatex 2021.3.8)  9 MAR 2021 14:24
entering extended mode
 restricted \write18 enabled.
 %&-line parsing enabled.
**Wiesel_und_Co_Schlussbericht.tex
(./Wiesel_und_Co_Schlussbericht.tex
LaTeX2e <2020-10-01> patch level 4
L3 programming layer <2021-02-18>
(c:/Users/rata/AppData/Roaming/TinyTeX/texmf-dist/tex/latex/koma-script/scrbook
.cls
Document Class: scrbook 2020/09/21 v3.32 KOMA-Script document class (book)

(c:/Users/rata/AppData/Roaming/TinyTeX/texmf-dist/tex/latex/koma-script/scrkbas
e.sty
Package: scrkbase 2020/09/21 v3.32 KOMA-Script package (KOMA-Script-dependent b
asics and keyval usage)

(c:/Users/rata/AppData/Roaming/TinyTeX/texmf-dist/tex/latex/koma-script/scrbase
.sty
Package: scrbase 2020/09/21 v3.32 KOMA-Script package (KOMA-Script-independent 
basics and keyval usage)

(c:/Users/rata/AppData/Roaming/TinyTeX/texmf-dist/tex/latex/koma-script/scrlfil
e.sty
Package: scrlfile 2020/09/21 v3.32 KOMA-Script package (file load hooks)

(c:/Users/rata/AppData/Roaming/TinyTeX/texmf-dist/tex/latex/koma-script/scrlfil
e-hook.sty
Package: scrlfile-hook 2020/09/21 v3.32 KOMA-Script package (using LaTeX hooks)


LaTeX3 Info: Defining command \BeforeFile with sig. 'm' on line 61.


LaTeX3 Info: Defining command \AfterFile with sig. 'm' on line 65.


LaTeX3 Info: Defining command \BeforeClass with sig. 'm' on line 69.


LaTeX3 Info: Defining command \BeforePackage with sig. 'm' on line 73.


LaTeX3 Info: Defining command \AfterAtEndOfClass with sig. 'smo+m' on line 83.


LaTeX3 Info: Defining command \AfterAtEndOfPackage with sig. 'smo+m' on line
(LaTeX3)     93.


LaTeX3 Info: Defining command \scrlfile@AfterClass with sig. 'smo+m' on line
(LaTeX3)     173.


LaTeX3 Info: Defining command \AfterClass with sig. '' on line 174.


LaTeX3 Info: Defining command \scrlfile@AfterPackage with sig. 'smo+m' on line
(LaTeX3)     191.


LaTeX3 Info: Defining command \AfterPackage with sig. '' on line 192.


LaTeX3 Info: Defining command \ReplaceInput with sig. '' on line 193.


LaTeX3 Info: Defining command \ReplaceClass with sig. 'mm' on line 196.


LaTeX3 Info: Defining command \ReplacePackage with sig. 'mm' on line 199.


LaTeX3 Info: Defining command \UnReplaceInput with sig. '' on line 200.


LaTeX3 Info: Defining command \UnReplaceClass with sig. 'm' on line 203.


LaTeX3 Info: Defining command \UnReplacePackage with sig. 'mm' on line 206.


LaTeX3 Info: Defining command \PreventPackageFromLoading with sig. 's+om' on
(LaTeX3)     line 234.


LaTeX3 Info: Defining command \StorePreventPackageFromLoading with sig. 'm' on
(LaTeX3)     line 242.


LaTeX3 Info: Defining command \ResetPreventPackageFromLoading with sig. '' on
(LaTeX3)     line 247.


LaTeX3 Info: Defining command \UnPreventPackageFromLoading with sig. 'sm' on
(LaTeX3)     line 261.


LaTeX3 Info: Defining command \BeforeClosingMainAux with sig. 'om' on line
(LaTeX3)     274.


LaTeX3 Info: Defining command \AfterReadingMainAux with sig. 'om' on line 287.


LaTeX3 Info: Defining command \protected@immediate@write with sig. 'm+m+m' on
(LaTeX3)     line 298.


(c:/Users/rata/AppData/Roaming/TinyTeX/texmf-dist/tex/latex/koma-script/scrlogo
.sty
Package: scrlogo 2020/09/21 v3.32 KOMA-Script package (logo)
)))
(c:/Users/rata/AppData/Roaming/TinyTeX/texmf-dist/tex/latex/graphics/keyval.sty
Package: keyval 2014/10/28 v1.15 key=value parser (DPC)
\KV@toks@=\toks15
)))
(c:/Users/rata/AppData/Roaming/TinyTeX/texmf-dist/tex/latex/koma-script/tocbasi
c.sty
Package: tocbasic 2020/09/21 v3.32 KOMA-Script package (handling toc-files)
\scr@dte@tocline@numberwidth=\skip47
\scr@dte@tocline@numbox=\box47
)
Package tocbasic Info: babel extension for `toc' omitted
(tocbasic)             because of missing \bbl@set@language on input line 137.
Class scrbook Info: File `scrsize11pt.clo' used instead of
(scrbook)           file `scrsize11.clo' to setup font sizes on input line 2437
.

(c:/Users/rata/AppData/Roaming/TinyTeX/texmf-dist/tex/latex/koma-script/scrsize
11pt.clo
File: scrsize11pt.clo 2020/09/21 v3.32 KOMA-Script font size class option (11pt
)
)
(c:/Users/rata/AppData/Roaming/TinyTeX/texmf-dist/tex/latex/koma-script/typeare
a.sty
Package: typearea 2020/09/21 v3.32 KOMA-Script package (type area)
\ta@bcor=\skip48
\ta@div=\count179
\ta@hblk=\skip49
\ta@vblk=\skip50
\ta@temp=\skip51
\footheight=\skip52
Package typearea Info: These are the values describing the layout:
(typearea)             DIV  = 10
(typearea)             BCOR = 0.0pt
(typearea)             \paperwidth      = 597.50793pt
(typearea)              \textwidth      = 418.25555pt
(typearea)              DIV departure   = -6%
(typearea)              \evensidemargin = 47.2316pt
(typearea)              \oddsidemargin  = -12.5192pt
(typearea)             \paperheight     = 845.04694pt
(typearea)              \textheight     = 595.80026pt
(typearea)              \topmargin      = -25.16531pt
(typearea)              \headheight     = 17.0pt
(typearea)              \headsep        = 20.40001pt
(typearea)              \topskip        = 11.0pt
(typearea)              \footskip       = 47.6pt
(typearea)              \baselineskip   = 13.6pt
(typearea)              on input line 1740.
)
\c@part=\count180
\c@chapter=\count181
\c@section=\count182
\c@subsection=\count183
\c@subsubsection=\count184
\c@paragraph=\count185
\c@subparagraph=\count186
\scr@dte@chapter@maxnumwidth=\skip53
Class scrbook Info: using compatibility default `afterindent=bysign'
(scrbook)           for `\chapter on input line 5625.
\scr@dte@section@maxnumwidth=\skip54
Class scrbook Info: using compatibility default `runin=bysign'
(scrbook)           for `\section on input line 5636.
Class scrbook Info: using compatibility default `afterindent=bysign'
(scrbook)           for `\section on input line 5636.
\scr@dte@part@maxnumwidth=\skip55
Class scrbook Info: using compatibility default `afterindent=true'
(scrbook)           for `\part on input line 5645.
\scr@dte@subsection@maxnumwidth=\skip56
Class scrbook Info: using compatibility default `runin=bysign'
(scrbook)           for `\subsection on input line 5655.
Class scrbook Info: using compatibility default `afterindent=bysign'
(scrbook)           for `\subsection on input line 5655.
\scr@dte@subsubsection@maxnumwidth=\skip57
Class scrbook Info: using compatibility default `runin=bysign'
(scrbook)           for `\subsubsection on input line 5665.
Class scrbook Info: using compatibility default `afterindent=bysign'
(scrbook)           for `\subsubsection on input line 5665.
\scr@dte@paragraph@maxnumwidth=\skip58
Class scrbook Info: using compatibility default `runin=bysign'
(scrbook)           for `\paragraph on input line 5676.
Class scrbook Info: using compatibility default `afterindent=bysign'
(scrbook)           for `\paragraph on input line 5676.
\scr@dte@subparagraph@maxnumwidth=\skip59
Class scrbook Info: using compatibility default `runin=bysign'
(scrbook)           for `\subparagraph on input line 5686.
Class scrbook Info: using compatibility default `afterindent=bysign'
(scrbook)           for `\subparagraph on input line 5686.
\abovecaptionskip=\skip60
\belowcaptionskip=\skip61
\c@pti@nb@sid@b@x=\box48
Package tocbasic Info: babel extension for `lof' omitted
(tocbasic)             because of missing \bbl@set@language on input line 6929.

\scr@dte@figure@maxnumwidth=\skip62
\c@figure=\count187
Package tocbasic Info: babel extension for `lot' omitted
(tocbasic)             because of missing \bbl@set@language on input line 6950.

\scr@dte@table@maxnumwidth=\skip63
\c@table=\count188
Class scrbook Info: Redefining `\numberline' on input line 7123.
\bibindent=\dimen138
) (c:/Users/rata/AppData/Roaming/TinyTeX/texmf-dist/tex/latex/lm/lmodern.sty
Package: lmodern 2009/10/30 v1.6 Latin Modern Fonts
LaTeX Font Info:    Overwriting symbol font `operators' in version `normal'
(Font)                  OT1/cmr/m/n --> OT1/lmr/m/n on input line 22.
LaTeX Font Info:    Overwriting symbol font `letters' in version `normal'
(Font)                  OML/cmm/m/it --> OML/lmm/m/it on input line 23.
LaTeX Font Info:    Overwriting symbol font `symbols' in version `normal'
(Font)                  OMS/cmsy/m/n --> OMS/lmsy/m/n on input line 24.
LaTeX Font Info:    Overwriting symbol font `largesymbols' in version `normal'
(Font)                  OMX/cmex/m/n --> OMX/lmex/m/n on input line 25.
LaTeX Font Info:    Overwriting symbol font `operators' in version `bold'
(Font)                  OT1/cmr/bx/n --> OT1/lmr/bx/n on input line 26.
LaTeX Font Info:    Overwriting symbol font `letters' in version `bold'
(Font)                  OML/cmm/b/it --> OML/lmm/b/it on input line 27.
LaTeX Font Info:    Overwriting symbol font `symbols' in version `bold'
(Font)                  OMS/cmsy/b/n --> OMS/lmsy/b/n on input line 28.
LaTeX Font Info:    Overwriting symbol font `largesymbols' in version `bold'
(Font)                  OMX/cmex/m/n --> OMX/lmex/m/n on input line 29.
LaTeX Font Info:    Overwriting math alphabet `\mathbf' in version `normal'
(Font)                  OT1/cmr/bx/n --> OT1/lmr/bx/n on input line 31.
LaTeX Font Info:    Overwriting math alphabet `\mathsf' in version `normal'
(Font)                  OT1/cmss/m/n --> OT1/lmss/m/n on input line 32.
LaTeX Font Info:    Overwriting math alphabet `\mathit' in version `normal'
(Font)                  OT1/cmr/m/it --> OT1/lmr/m/it on input line 33.
LaTeX Font Info:    Overwriting math alphabet `\mathtt' in version `normal'
(Font)                  OT1/cmtt/m/n --> OT1/lmtt/m/n on input line 34.
LaTeX Font Info:    Overwriting math alphabet `\mathbf' in version `bold'
(Font)                  OT1/cmr/bx/n --> OT1/lmr/bx/n on input line 35.
LaTeX Font Info:    Overwriting math alphabet `\mathsf' in version `bold'
(Font)                  OT1/cmss/bx/n --> OT1/lmss/bx/n on input line 36.
LaTeX Font Info:    Overwriting math alphabet `\mathit' in version `bold'
(Font)                  OT1/cmr/bx/it --> OT1/lmr/bx/it on input line 37.
LaTeX Font Info:    Overwriting math alphabet `\mathtt' in version `bold'
(Font)                  OT1/cmtt/m/n --> OT1/lmtt/m/n on input line 38.
)
(c:/Users/rata/AppData/Roaming/TinyTeX/texmf-dist/tex/latex/amsmath/amsmath.sty
Package: amsmath 2020/09/23 v2.17i AMS math features
\@mathmargin=\skip64
For additional information on amsmath, use the `?' option.

(c:/Users/rata/AppData/Roaming/TinyTeX/texmf-dist/tex/latex/amsmath/amstext.sty
Package: amstext 2000/06/29 v2.01 AMS text
(c:/Users/rata/AppData/Roaming/TinyTeX/texmf-dist/tex/latex/amsmath/amsgen.sty
File: amsgen.sty 1999/11/30 v2.0 generic functions
\@emptytoks=\toks16
\ex@=\dimen139
)) (c:/Users/rata/AppData/Roaming/TinyTeX/texmf-dist/tex/latex/amsmath/amsbsy.s
ty
Package: amsbsy 1999/11/29 v1.2d Bold Symbols
\pmbraise@=\dimen140
) (c:/Users/rata/AppData/Roaming/TinyTeX/texmf-dist/tex/latex/amsmath/amsopn.st
y
Package: amsopn 2016/03/08 v2.02 operator names
)
\inf@bad=\count189
LaTeX Info: Redefining \frac on input line 234.
\uproot@=\count190
\leftroot@=\count191
LaTeX Info: Redefining \overline on input line 399.
\classnum@=\count192
\DOTSCASE@=\count193
LaTeX Info: Redefining \ldots on input line 496.
LaTeX Info: Redefining \dots on input line 499.
LaTeX Info: Redefining \cdots on input line 620.
\Mathstrutbox@=\box49
\strutbox@=\box50
\big@size=\dimen141
LaTeX Font Info:    Redeclaring font encoding OML on input line 743.
LaTeX Font Info:    Redeclaring font encoding OMS on input line 744.
\macc@depth=\count194
\c@MaxMatrixCols=\count195
\dotsspace@=\muskip16
\c@parentequation=\count196
\dspbrk@lvl=\count197
\tag@help=\toks17
\row@=\count198
\column@=\count199
\maxfields@=\count266
\andhelp@=\toks18
\eqnshift@=\dimen142
\alignsep@=\dimen143
\tagshift@=\dimen144
\tagwidth@=\dimen145
\totwidth@=\dimen146
\lineht@=\dimen147
\@envbody=\toks19
\multlinegap=\skip65
\multlinetaggap=\skip66
\mathdisplay@stack=\toks20
LaTeX Info: Redefining \[ on input line 2923.
LaTeX Info: Redefining \] on input line 2924.
)
(c:/Users/rata/AppData/Roaming/TinyTeX/texmf-dist/tex/generic/iftex/ifxetex.sty
Package: ifxetex 2019/10/25 v0.7 ifxetex legacy package. Use iftex instead.
(c:/Users/rata/AppData/Roaming/TinyTeX/texmf-dist/tex/generic/iftex/iftex.sty
Package: iftex 2020/03/06 v1.0d TeX engine tests
))
(c:/Users/rata/AppData/Roaming/TinyTeX/texmf-dist/tex/generic/iftex/ifluatex.st
y
Package: ifluatex 2019/10/25 v1.5 ifluatex legacy package. Use iftex instead.
) (c:/Users/rata/AppData/Roaming/TinyTeX/texmf-dist/tex/latex/base/fontenc.sty
Package: fontenc 2020/08/10 v2.0s Standard LaTeX package
LaTeX Font Info:    Trying to load font information for T1+lmr on input line 11
2.
(c:/Users/rata/AppData/Roaming/TinyTeX/texmf-dist/tex/latex/lm/t1lmr.fd
File: t1lmr.fd 2009/10/30 v1.6 Font defs for Latin Modern
)) (c:/Users/rata/AppData/Roaming/TinyTeX/texmf-dist/tex/latex/base/inputenc.st
y
Package: inputenc 2020/08/01 v1.3d Input encoding file
\inpenc@prehook=\toks21
\inpenc@posthook=\toks22
) (c:/Users/rata/AppData/Roaming/TinyTeX/texmf-dist/tex/latex/base/textcomp.sty
Package: textcomp 2020/02/02 v2.0n Standard LaTeX package
)
(c:/Users/rata/AppData/Roaming/TinyTeX/texmf-dist/tex/latex/amsfonts/amssymb.st
y
Package: amssymb 2013/01/14 v3.01 AMS font symbols

(c:/Users/rata/AppData/Roaming/TinyTeX/texmf-dist/tex/latex/amsfonts/amsfonts.s
ty
Package: amsfonts 2013/01/14 v3.01 Basic AMSFonts support
\symAMSa=\mathgroup4
\symAMSb=\mathgroup5
LaTeX Font Info:    Redeclaring math symbol \hbar on input line 98.
LaTeX Font Info:    Overwriting math alphabet `\mathfrak' in version `bold'
(Font)                  U/euf/m/n --> U/euf/b/n on input line 106.
)) (c:/Users/rata/AppData/Roaming/TinyTeX/texmf-dist/tex/latex/xcolor/xcolor.st
y
Package: xcolor 2016/05/11 v2.12 LaTeX color extensions (UK)

(c:/Users/rata/AppData/Roaming/TinyTeX/texmf-dist/tex/latex/graphics-cfg/color.
cfg
File: color.cfg 2016/01/02 v1.6 sample color configuration
)
Package xcolor Info: Driver file: pdftex.def on input line 225.

(c:/Users/rata/AppData/Roaming/TinyTeX/texmf-dist/tex/latex/graphics-def/pdftex
.def
File: pdftex.def 2020/10/05 v1.2a Graphics/color driver for pdftex
)
Package xcolor Info: Model `cmy' substituted by `cmy0' on input line 1348.
Package xcolor Info: Model `hsb' substituted by `rgb' on input line 1352.
Package xcolor Info: Model `RGB' extended on input line 1364.
Package xcolor Info: Model `HTML' substituted by `rgb' on input line 1366.
Package xcolor Info: Model `Hsb' substituted by `hsb' on input line 1367.
Package xcolor Info: Model `tHsb' substituted by `hsb' on input line 1368.
Package xcolor Info: Model `HSB' substituted by `hsb' on input line 1369.
Package xcolor Info: Model `Gray' substituted by `gray' on input line 1370.
Package xcolor Info: Model `wave' substituted by `hsb' on input line 1371.
)
(c:/Users/rata/AppData/Roaming/TinyTeX/texmf-dist/tex/latex/bookmark/bookmark.s
ty
Package: bookmark 2020-11-06 v1.29 PDF bookmarks (HO)

(c:/Users/rata/AppData/Roaming/TinyTeX/texmf-dist/tex/latex/hyperref/hyperref.s
ty
Package: hyperref 2021-02-27 v7.00k Hypertext links for LaTeX

(c:/Users/rata/AppData/Roaming/TinyTeX/texmf-dist/tex/generic/ltxcmds/ltxcmds.s
ty
Package: ltxcmds 2020-05-10 v1.25 LaTeX kernel commands for general use (HO)
)
(c:/Users/rata/AppData/Roaming/TinyTeX/texmf-dist/tex/generic/pdftexcmds/pdftex
cmds.sty
Package: pdftexcmds 2020-06-27 v0.33 Utility functions of pdfTeX for LuaTeX (HO
)

(c:/Users/rata/AppData/Roaming/TinyTeX/texmf-dist/tex/generic/infwarerr/infware
rr.sty
Package: infwarerr 2019/12/03 v1.5 Providing info/warning/error messages (HO)
)
Package pdftexcmds Info: \pdf@primitive is available.
Package pdftexcmds Info: \pdf@ifprimitive is available.
Package pdftexcmds Info: \pdfdraftmode found.
)
(c:/Users/rata/AppData/Roaming/TinyTeX/texmf-dist/tex/generic/kvsetkeys/kvsetke
ys.sty
Package: kvsetkeys 2019/12/15 v1.18 Key value parser (HO)
)
(c:/Users/rata/AppData/Roaming/TinyTeX/texmf-dist/tex/generic/kvdefinekeys/kvde
finekeys.sty
Package: kvdefinekeys 2019-12-19 v1.6 Define keys (HO)
)
(c:/Users/rata/AppData/Roaming/TinyTeX/texmf-dist/tex/generic/pdfescape/pdfesca
pe.sty
Package: pdfescape 2019/12/09 v1.15 Implements pdfTeX's escape features (HO)
)
(c:/Users/rata/AppData/Roaming/TinyTeX/texmf-dist/tex/latex/hycolor/hycolor.sty
Package: hycolor 2020-01-27 v1.10 Color options for hyperref/bookmark (HO)
)
(c:/Users/rata/AppData/Roaming/TinyTeX/texmf-dist/tex/latex/letltxmacro/letltxm
acro.sty
Package: letltxmacro 2019/12/03 v1.6 Let assignment for LaTeX macros (HO)
)
(c:/Users/rata/AppData/Roaming/TinyTeX/texmf-dist/tex/latex/auxhook/auxhook.sty
Package: auxhook 2019-12-17 v1.6 Hooks for auxiliary files (HO)
)
(c:/Users/rata/AppData/Roaming/TinyTeX/texmf-dist/tex/latex/kvoptions/kvoptions
.sty
Package: kvoptions 2020-10-07 v3.14 Key value format for package options (HO)
)
\@linkdim=\dimen148
\Hy@linkcounter=\count267
\Hy@pagecounter=\count268

(c:/Users/rata/AppData/Roaming/TinyTeX/texmf-dist/tex/latex/hyperref/pd1enc.def
File: pd1enc.def 2021-02-27 v7.00k Hyperref: PDFDocEncoding definition (HO)
Now handling font encoding PD1 ...
... no UTF-8 mapping file for font encoding PD1
)
(c:/Users/rata/AppData/Roaming/TinyTeX/texmf-dist/tex/latex/hyperref/hyperref-l
angpatches.def
File: hyperref-langpatches.def 2021-02-27 v7.00k Hyperref: patches for babel la
nguages
)
(c:/Users/rata/AppData/Roaming/TinyTeX/texmf-dist/tex/generic/intcalc/intcalc.s
ty
Package: intcalc 2019/12/15 v1.3 Expandable calculations with integers (HO)
)
(c:/Users/rata/AppData/Roaming/TinyTeX/texmf-dist/tex/generic/etexcmds/etexcmds
.sty
Package: etexcmds 2019/12/15 v1.7 Avoid name clashes with e-TeX commands (HO)
)
\Hy@SavedSpaceFactor=\count269
(c:/Users/rata/AppData/Roaming/TinyTeX/texmf-dist/tex/latex/hyperref/puenc.def
File: puenc.def 2021-02-27 v7.00k Hyperref: PDF Unicode definition (HO)
Now handling font encoding PU ...
... no UTF-8 mapping file for font encoding PU
)
Package hyperref Info: Option `unicode' set `true' on input line 4073.
Package hyperref Info: Hyper figures OFF on input line 4192.
Package hyperref Info: Link nesting OFF on input line 4197.
Package hyperref Info: Hyper index ON on input line 4200.
Package hyperref Info: Plain pages OFF on input line 4207.
Package hyperref Info: Backreferencing OFF on input line 4212.
Package hyperref Info: Implicit mode ON; LaTeX internals redefined.
Package hyperref Info: Bookmarks ON on input line 4445.
\c@Hy@tempcnt=\count270
(c:/Users/rata/AppData/Roaming/TinyTeX/texmf-dist/tex/latex/url/url.sty
\Urlmuskip=\muskip17
Package: url 2013/09/16  ver 3.4  Verb mode for urls, etc.
)
LaTeX Info: Redefining \url on input line 4804.
\XeTeXLinkMargin=\dimen149

(c:/Users/rata/AppData/Roaming/TinyTeX/texmf-dist/tex/generic/bitset/bitset.sty
Package: bitset 2019/12/09 v1.3 Handle bit-vector datatype (HO)

(c:/Users/rata/AppData/Roaming/TinyTeX/texmf-dist/tex/generic/bigintcalc/bigint
calc.sty
Package: bigintcalc 2019/12/15 v1.5 Expandable calculations on big integers (HO
)
))
\Fld@menulength=\count271
\Field@Width=\dimen150
\Fld@charsize=\dimen151
Package hyperref Info: Hyper figures OFF on input line 6075.
Package hyperref Info: Link nesting OFF on input line 6080.
Package hyperref Info: Hyper index ON on input line 6083.
Package hyperref Info: backreferencing OFF on input line 6090.
Package hyperref Info: Link coloring OFF on input line 6095.
Package hyperref Info: Link coloring with OCG OFF on input line 6100.
Package hyperref Info: PDF/A mode OFF on input line 6105.
LaTeX Info: Redefining \ref on input line 6145.
LaTeX Info: Redefining \pageref on input line 6149.

(c:/Users/rata/AppData/Roaming/TinyTeX/texmf-dist/tex/latex/base/atbegshi-ltx.s
ty
Package: atbegshi-ltx 2020/08/17 v1.0a Emulation of the original atbegshi packa
ge
with kernel methods
)
\Hy@abspage=\count272
\c@Item=\count273
\c@Hfootnote=\count274
)
Package hyperref Info: Driver (autodetected): hpdftex.

(c:/Users/rata/AppData/Roaming/TinyTeX/texmf-dist/tex/latex/hyperref/hpdftex.de
f
File: hpdftex.def 2021-02-27 v7.00k Hyperref driver for pdfTeX

(c:/Users/rata/AppData/Roaming/TinyTeX/texmf-dist/tex/latex/base/atveryend-ltx.
sty
Package: atveryend-ltx 2020/08/19 v1.0a Emulation of the original atvery packag
e
with kernel methods
)
\Fld@listcount=\count275
\c@bookmark@seq@number=\count276

(c:/Users/rata/AppData/Roaming/TinyTeX/texmf-dist/tex/latex/rerunfilecheck/reru
nfilecheck.sty
Package: rerunfilecheck 2019/12/05 v1.9 Rerun checks for auxiliary files (HO)

(c:/Users/rata/AppData/Roaming/TinyTeX/texmf-dist/tex/generic/uniquecounter/uni
quecounter.sty
Package: uniquecounter 2019/12/15 v1.4 Provide unlimited unique counter (HO)
)
Package uniquecounter Info: New unique counter `rerunfilecheck' on input line 2
86.
)
\Hy@SectionHShift=\skip67
)
(c:/Users/rata/AppData/Roaming/TinyTeX/texmf-dist/tex/latex/bookmark/bkm-pdftex
.def
File: bkm-pdftex.def 2020-11-06 v1.29 bookmark driver for pdfTeX (HO)
\BKM@id=\count277
))
(c:/Users/rata/AppData/Roaming/TinyTeX/texmf-dist/tex/latex/geometry/geometry.s
ty
Package: geometry 2020/01/02 v5.9 Page Geometry
(c:/Users/rata/AppData/Roaming/TinyTeX/texmf-dist/tex/generic/iftex/ifvtex.sty
Package: ifvtex 2019/10/25 v1.7 ifvtex legacy package. Use iftex instead.
)
\Gm@cnth=\count278
\Gm@cntv=\count279
\c@Gm@tempcnt=\count280
\Gm@bindingoffset=\dimen152
\Gm@wd@mp=\dimen153
\Gm@odd@mp=\dimen154
\Gm@even@mp=\dimen155
\Gm@layoutwidth=\dimen156
\Gm@layoutheight=\dimen157
\Gm@layouthoffset=\dimen158
\Gm@layoutvoffset=\dimen159
\Gm@dimlist=\toks23
)
(c:/Users/rata/AppData/Roaming/TinyTeX/texmf-dist/tex/latex/tools/longtable.sty
Package: longtable 2020/01/07 v4.13 Multi-page Table package (DPC)
\LTleft=\skip68
\LTright=\skip69
\LTpre=\skip70
\LTpost=\skip71
\LTchunksize=\count281
\LTcapwidth=\dimen160
\LT@head=\box51
\LT@firsthead=\box52
\LT@foot=\box53
\LT@lastfoot=\box54
\LT@cols=\count282
\LT@rows=\count283
\c@LT@tables=\count284
\c@LT@chunks=\count285
\LT@p@ftn=\toks24
)
Class scrbook Info: longtable captions redefined on input line 47.

(c:/Users/rata/AppData/Roaming/TinyTeX/texmf-dist/tex/latex/booktabs/booktabs.s
ty
Package: booktabs 2020/01/12 v1.61803398 Publication quality tables
\heavyrulewidth=\dimen161
\lightrulewidth=\dimen162
\cmidrulewidth=\dimen163
\belowrulesep=\dimen164
\belowbottomsep=\dimen165
\aboverulesep=\dimen166
\abovetopsep=\dimen167
\cmidrulesep=\dimen168
\cmidrulekern=\dimen169
\defaultaddspace=\dimen170
\@cmidla=\count286
\@cmidlb=\count287
\@aboverulesep=\dimen171
\@belowrulesep=\dimen172
\@thisruleclass=\count288
\@lastruleclass=\count289
\@thisrulewidth=\dimen173
) (c:/Users/rata/AppData/Roaming/TinyTeX/texmf-dist/tex/latex/tools/calc.sty
Package: calc 2017/05/25 v4.3 Infix arithmetic (KKT,FJ)
\calc@Acount=\count290
\calc@Bcount=\count291
\calc@Adimen=\dimen174
\calc@Bdimen=\dimen175
\calc@Askip=\skip72
\calc@Bskip=\skip73
LaTeX Info: Redefining \setlength on input line 80.
LaTeX Info: Redefining \addtolength on input line 81.
\calc@Ccount=\count292
\calc@Cskip=\skip74
)
(c:/Users/rata/AppData/Roaming/TinyTeX/texmf-dist/tex/latex/etoolbox/etoolbox.s
ty
Package: etoolbox 2020/10/05 v2.5k e-TeX tools for LaTeX (JAW)
\etb@tempcnta=\count293
)
(c:/Users/rata/AppData/Roaming/TinyTeX/texmf-dist/tex/latex/mdwtools/footnote.s
ty
Package: footnote 1997/01/28 1.13 Save footnotes around boxes
\fn@notes=\box55
\fn@width=\dimen176
)
(c:/Users/rata/AppData/Roaming/TinyTeX/texmf-dist/tex/latex/graphics/graphicx.s
ty
Package: graphicx 2020/09/09 v1.2b Enhanced LaTeX Graphics (DPC,SPQR)

(c:/Users/rata/AppData/Roaming/TinyTeX/texmf-dist/tex/latex/graphics/graphics.s
ty
Package: graphics 2020/08/30 v1.4c Standard LaTeX Graphics (DPC,SPQR)
(c:/Users/rata/AppData/Roaming/TinyTeX/texmf-dist/tex/latex/graphics/trig.sty
Package: trig 2016/01/03 v1.10 sin cos tan (DPC)
)
(c:/Users/rata/AppData/Roaming/TinyTeX/texmf-dist/tex/latex/graphics-cfg/graphi
cs.cfg
File: graphics.cfg 2016/06/04 v1.11 sample graphics configuration
)
Package graphics Info: Driver file: pdftex.def on input line 105.
)
\Gin@req@height=\dimen177
\Gin@req@width=\dimen178
)
(c:/Users/rata/AppData/Roaming/TinyTeX/texmf-dist/tex/latex/caption/caption.sty
Package: caption 2020/10/26 v3.5g Customizing captions (AR)

(c:/Users/rata/AppData/Roaming/TinyTeX/texmf-dist/tex/latex/caption/caption3.st
y
Package: caption3 2020/10/21 v2.2e caption3 kernel (AR)
\captionmargin=\dimen179
\captionmargin@=\dimen180
\captionwidth=\dimen181
\caption@tempdima=\dimen182
\caption@indent=\dimen183
\caption@parindent=\dimen184
\caption@hangindent=\dimen185
Package caption Info: KOMA-Script document class detected.

(c:/Users/rata/AppData/Roaming/TinyTeX/texmf-dist/tex/latex/caption/caption-kom
a.sto
File: caption-koma.sto 2020/09/21 v2.0b Adaption of the caption package to the 
KOMA-Script document classes (AR)
))
\c@caption@flags=\count294
\c@continuedfloat=\count295
Package caption Info: hyperref package is loaded.
Package caption Info: longtable package is loaded.

(c:/Users/rata/AppData/Roaming/TinyTeX/texmf-dist/tex/latex/caption/ltcaption.s
ty
Package: ltcaption 2020/05/30 v1.4b longtable captions (AR)
)) (c:/Users/rata/AppData/Roaming/TinyTeX/texmf-dist/tex/generic/babel/babel.st
y
Package: babel 2021/03/03 3.55 The Babel package
(c:/Users/rata/AppData/Roaming/TinyTeX/texmf-dist/tex/generic/babel/babel.def
File: babel.def 2021/03/03 3.55 Babel common definitions
\babel@savecnt=\count296
\U@D=\dimen186
\l@babelnohyphens=\language3

(c:/Users/rata/AppData/Roaming/TinyTeX/texmf-dist/tex/generic/babel/txtbabel.de
f)
\bbl@readstream=\read2
)
\bbl@dirlevel=\count297

(c:/Users/rata/AppData/Roaming/TinyTeX/texmf-dist/tex/generic/babel-german/germ
an.ldf
Language: german 2021/02/27 v2.13 German support for babel (pre-1996 orthograph
y)

(c:/Users/rata/AppData/Roaming/TinyTeX/texmf-dist/tex/generic/babel-german/germ
anb.ldf
Language: germanb 2021/02/27 v2.13 German support for babel (pre-1996 orthograp
hy)

Package babel Warning: No hyphenation patterns were preloaded for
(babel)                the language `German (trad. orthography)' into the forma
t.
(babel)                Please, configure your TeX system to add them and
(babel)                rebuild the format. Now I will use the patterns
(babel)                preloaded for \language=0 instead on input line 62.

Package babel Info: \l@german = using hyphenrules for english
(babel)             (\language0) on input line 63.
Package babel Info: Making " an active character on input line 139.
))) (c:/Users/rata/AppData/Roaming/TinyTeX/texmf-dist/tex/latex/tools/array.sty
Package: array 2020/10/01 v2.5c Tabular extension package (FMi)
\col@sep=\dimen187
\ar@mcellbox=\box56
\extrarowheight=\dimen188
\NC@list=\toks25
\extratabsurround=\skip75
\backup@length=\skip76
\ar@cellbox=\box57
)
(c:/Users/rata/AppData/Roaming/TinyTeX/texmf-dist/tex/latex/multirow/multirow.s
ty
Package: multirow 2021/01/29 v2.7 Span multiple rows of a table
\multirow@colwidth=\skip77
\multirow@cntb=\count298
\multirow@dima=\skip78
\bigstrutjot=\dimen189
)
(c:/Users/rata/AppData/Roaming/TinyTeX/texmf-dist/tex/latex/wrapfig/wrapfig.sty
\wrapoverhang=\dimen190
\WF@size=\dimen191
\c@WF@wrappedlines=\count299
\WF@box=\box58
\WF@everypar=\toks26
Package: wrapfig 2003/01/31  v 3.6
) (c:/Users/rata/AppData/Roaming/TinyTeX/texmf-dist/tex/latex/float/float.sty
Package: float 2001/11/08 v1.3d Float enhancements (AL)
\c@float@type=\count300
\float@exts=\toks27
\float@box=\box59
\@float@everytoks=\toks28
\@floatcapt=\box60
)
(c:/Users/rata/AppData/Roaming/TinyTeX/texmf-dist/tex/latex/colortbl/colortbl.s
ty
Package: colortbl 2020/01/04 v1.0e Color table columns (DPC)
\everycr=\toks29
\minrowclearance=\skip79
)
(c:/Users/rata/AppData/Roaming/TinyTeX/texmf-dist/tex/latex/pdflscape/pdflscape
.sty
Package: pdflscape 2019/12/05 v0.12 Display of landscape pages in PDF (HO)

(c:/Users/rata/AppData/Roaming/TinyTeX/texmf-dist/tex/latex/graphics/lscape.sty
Package: lscape 2020/05/28 v3.02 Landscape Pages (DPC)
)
Package pdflscape Info: Auto-detected driver: pdftex on input line 81.
) (c:/Users/rata/AppData/Roaming/TinyTeX/texmf-dist/tex/latex/tabu/tabu.sty
Package: tabu 2019/01/11 v2.9 - flexible LaTeX tabulars (FC+tabu-fixed)

(c:/Users/rata/AppData/Roaming/TinyTeX/texmf-dist/tex/latex/varwidth/varwidth.s
ty
Package: varwidth 2009/03/30 ver 0.92;  Variable-width minipages
\@vwid@box=\box61
\sift@deathcycles=\count301
\@vwid@loff=\dimen192
\@vwid@roff=\dimen193
)
\c@taburow=\count302
\tabu@nbcols=\count303
\tabu@cnt=\count304
\tabu@Xcol=\count305
\tabu@alloc=\count306
\tabu@nested=\count307
\tabu@target=\dimen194
\tabu@spreadtarget=\dimen195
\tabu@naturalX=\dimen196
\tabucolX=\dimen197
\tabu@Xsum=\dimen198
\extrarowdepth=\dimen199
\abovetabulinesep=\dimen256
\belowtabulinesep=\dimen257
\tabustrutrule=\dimen258
\tabu@thebody=\toks30
\tabu@footnotes=\toks31
\tabu@box=\box62
\tabu@arstrutbox=\box63
\tabu@hleads=\box64
\tabu@vleads=\box65
\tabu@cellskip=\skip80
)
(c:/Users/rata/AppData/Roaming/TinyTeX/texmf-dist/tex/latex/threeparttable/thre
eparttable.sty
Package: threeparttable 2003/06/13  v 3.0
\@tempboxb=\box66
)
(c:/Users/rata/AppData/Roaming/TinyTeX/texmf-dist/tex/latex/threeparttablex/thr
eeparttablex.sty
Package: threeparttablex 2013/07/23 v0.3 by daleif

(c:/Users/rata/AppData/Roaming/TinyTeX/texmf-dist/tex/latex/environ/environ.sty
Package: environ 2014/05/04 v0.3 A new way to define environments

(c:/Users/rata/AppData/Roaming/TinyTeX/texmf-dist/tex/latex/trimspaces/trimspac
es.sty
Package: trimspaces 2009/09/17 v1.1 Trim spaces around a token list
))
\TPTL@width=\skip81
) (c:/Users/rata/AppData/Roaming/TinyTeX/texmf-dist/tex/generic/ulem/ulem.sty
\UL@box=\box67
\UL@hyphenbox=\box68
\UL@skip=\skip82
\UL@hook=\toks32
\UL@height=\dimen259
\UL@pe=\count308
\UL@pixel=\dimen260
\ULC@box=\box69
Package: ulem 2019/11/18
\ULdepth=\dimen261
)
(c:/Users/rata/AppData/Roaming/TinyTeX/texmf-dist/tex/latex/makecell/makecell.s
ty
Package: makecell 2009/08/03 V0.1e Managing of Tab Column Heads and Cells
\rotheadsize=\dimen262
\c@nlinenum=\count309
\TeXr@lab=\toks33
)
LaTeX Font Info:    Trying to load font information for T1+lmss on input line 1
26.
(c:/Users/rata/AppData/Roaming/TinyTeX/texmf-dist/tex/latex/lm/t1lmss.fd
File: t1lmss.fd 2009/10/30 v1.6 Font defs for Latin Modern
)
(c:/Users/rata/AppData/Roaming/TinyTeX/texmf-dist/tex/latex/l3backend/l3backend
-pdftex.def
File: l3backend-pdftex.def 2021-03-02 L3 backend support: PDF output (pdfTeX)
\l__color_backend_stack_int=\count310
\l__pdf_internal_box=\box70
) (./Wiesel_und_Co_Schlussbericht.aux)
\openout1 = `Wiesel_und_Co_Schlussbericht.aux'.

LaTeX Font Info:    Checking defaults for OML/cmm/m/it on input line 126.
LaTeX Font Info:    ... okay on input line 126.
LaTeX Font Info:    Checking defaults for OMS/cmsy/m/n on input line 126.
LaTeX Font Info:    ... okay on input line 126.
LaTeX Font Info:    Checking defaults for OT1/cmr/m/n on input line 126.
LaTeX Font Info:    ... okay on input line 126.
LaTeX Font Info:    Checking defaults for T1/cmr/m/n on input line 126.
LaTeX Font Info:    ... okay on input line 126.
LaTeX Font Info:    Checking defaults for TS1/cmr/m/n on input line 126.
LaTeX Font Info:    ... okay on input line 126.
LaTeX Font Info:    Checking defaults for OMX/cmex/m/n on input line 126.
LaTeX Font Info:    ... okay on input line 126.
LaTeX Font Info:    Checking defaults for U/cmr/m/n on input line 126.
LaTeX Font Info:    ... okay on input line 126.
LaTeX Font Info:    Checking defaults for PD1/pdf/m/n on input line 126.
LaTeX Font Info:    ... okay on input line 126.
LaTeX Font Info:    Checking defaults for PU/pdf/m/n on input line 126.
LaTeX Font Info:    ... okay on input line 126.
Package scrbase Info: activating german \contentsname on input line 126.
Package scrbase Info: activating german \listfigurename on input line 126.
Package scrbase Info: activating german \listtablename on input line 126.

(c:/Users/rata/AppData/Roaming/TinyTeX/texmf-dist/tex/latex/epstopdf-pkg/epstop
df-base.sty
Package: epstopdf-base 2020-01-24 v2.11 Base part for package epstopdf
Package epstopdf-base Info: Redefining graphics rule for `.eps' on input line 4
85.

(c:/Users/rata/AppData/Roaming/TinyTeX/texmf-dist/tex/latex/latexconfig/epstopd
f-sys.cfg
File: epstopdf-sys.cfg 2010/07/13 v1.3 Configuration of (r)epstopdf for TeX Liv
e
))
Package hyperref Info: Link coloring OFF on input line 126.

(c:/Users/rata/AppData/Roaming/TinyTeX/texmf-dist/tex/latex/hyperref/nameref.st
y
Package: nameref 2021-04-02 v2.47 Cross-referencing by name of section

(c:/Users/rata/AppData/Roaming/TinyTeX/texmf-dist/tex/latex/refcount/refcount.s
ty
Package: refcount 2019/12/15 v3.6 Data extraction from label references (HO)
)
(c:/Users/rata/AppData/Roaming/TinyTeX/texmf-dist/tex/generic/gettitlestring/ge
ttitlestring.sty
Package: gettitlestring 2019/12/15 v1.6 Cleanup title references (HO)
)
\c@section@level=\count311
)
LaTeX Info: Redefining \ref on input line 126.
LaTeX Info: Redefining \pageref on input line 126.
LaTeX Info: Redefining \nameref on input line 126.
*geometry* driver: auto-detecting
*geometry* detected driver: pdftex
*geometry* verbose mode - [ preamble ] result:
* driver: pdftex
* paper: <default>
* layout: <same size as paper>
* layoutoffset:(h,v)=(0.0pt,0.0pt)
* modes: twoside 
* h-part:(L,W,R)=(71.13188pt, 455.24417pt, 71.13188pt)
* v-part:(T,H,B)=(56.9055pt, 731.23593pt, 56.9055pt)
* \paperwidth=597.50793pt
* \paperheight=845.04694pt
* \textwidth=455.24417pt
* \textheight=731.23593pt
* \oddsidemargin=-1.1381pt
* \evensidemargin=-1.1381pt
* \topmargin=-52.7645pt
* \headheight=17.0pt
* \headsep=20.40001pt
* \topskip=11.0pt
* \footskip=47.6pt
* \marginparwidth=89.62619pt
* \marginparsep=12.8401pt
* \columnsep=10.0pt
* \skip\footins=10.0pt plus 4.0pt minus 2.0pt
* \hoffset=0.0pt
* \voffset=0.0pt
* \mag=1000
* \@twocolumnfalse
* \@twosidetrue
* \@mparswitchtrue
* \@reversemarginfalse
* (1in=72.27pt=25.4mm, 1cm=28.453pt)

Package caption Info: Begin \AtBeginDocument code.
Package caption Info: float package is loaded.
Package caption Info: threeparttable package is loaded.
Package caption Info: wrapfig package is loaded.
Package caption Info: End \AtBeginDocument code.
<images/zhaw_lsfm_iunr_schwarz.jpg, id=4, 1268.74pt x 581.17125pt>
File: images/zhaw_lsfm_iunr_schwarz.jpg Graphic file (type jpg)
<use images/zhaw_lsfm_iunr_schwarz.jpg>
Package pdftex.def Info: images/zhaw_lsfm_iunr_schwarz.jpg  used on input line 
134.
(pdftex.def)             Requested size: 273.14162pt x 125.11787pt.
<images/Fuchs_2_Str_60_WK04.JPG, id=5, 5299.8pt x 3974.85pt>
File: images/Fuchs_2_Str_60_WK04.JPG Graphic file (type jpg)
<use images/Fuchs_2_Str_60_WK04.JPG>
Package pdftex.def Info: images/Fuchs_2_Str_60_WK04.JPG  used on input line 138
.
(pdftex.def)             Requested size: 455.20784pt x 341.40588pt.
LaTeX Font Info:    Trying to load font information for OT1+lmr on input line 1
63.
(c:/Users/rata/AppData/Roaming/TinyTeX/texmf-dist/tex/latex/lm/ot1lmr.fd
File: ot1lmr.fd 2009/10/30 v1.6 Font defs for Latin Modern
)
LaTeX Font Info:    Trying to load font information for OML+lmm on input line 1
63.
(c:/Users/rata/AppData/Roaming/TinyTeX/texmf-dist/tex/latex/lm/omllmm.fd
File: omllmm.fd 2009/10/30 v1.6 Font defs for Latin Modern
)
LaTeX Font Info:    Trying to load font information for OMS+lmsy on input line 
163.
(c:/Users/rata/AppData/Roaming/TinyTeX/texmf-dist/tex/latex/lm/omslmsy.fd
File: omslmsy.fd 2009/10/30 v1.6 Font defs for Latin Modern
)
LaTeX Font Info:    Trying to load font information for OMX+lmex on input line 
163.
(c:/Users/rata/AppData/Roaming/TinyTeX/texmf-dist/tex/latex/lm/omxlmex.fd
File: omxlmex.fd 2009/10/30 v1.6 Font defs for Latin Modern
)
LaTeX Font Info:    External font `lmex10' loaded for size
(Font)              <10.95> on input line 163.
LaTeX Font Info:    External font `lmex10' loaded for size
(Font)              <8> on input line 163.
LaTeX Font Info:    External font `lmex10' loaded for size
(Font)              <6> on input line 163.
LaTeX Font Info:    Trying to load font information for U+msa on input line 163
.
(c:/Users/rata/AppData/Roaming/TinyTeX/texmf-dist/tex/latex/amsfonts/umsa.fd
File: umsa.fd 2013/01/14 v3.01 AMS symbols A
)
LaTeX Font Info:    Trying to load font information for U+msb on input line 163
.
(c:/Users/rata/AppData/Roaming/TinyTeX/texmf-dist/tex/latex/amsfonts/umsb.fd
File: umsb.fd 2013/01/14 v3.01 AMS symbols B
)
Overfull \hbox (142.2637pt too wide) in paragraph at lines 159--188
[]$  
 []


Underfull \vbox (badness 4886) has occurred while \output is active []

[1



{c:/Users/rata/AppData/Roaming/TinyTeX/texmf-var/fonts/map/pdftex/updmap/pdftex
.map} <./images/zhaw_lsfm_iunr_schwarz.jpg> <./images/Fuchs_2_Str_60_WK04.JPG>]
[2] (./Wiesel_und_Co_Schlussbericht.toc)
\tf@toc=\write3
\openout3 = `Wiesel_und_Co_Schlussbericht.toc'.

[3


] [4


]
chapter 1.

Class scrbook Warning: \float@addtolists detected!
(scrbook)              Implementation of \float@addtolist became
(scrbook)              deprecated in KOMA-Script v3.01 2008/11/14 and
(scrbook)              has been replaced by several more flexible
(scrbook)              features of package `tocbasic`.
(scrbook)              Since Version 3.12 support for deprecated
(scrbook)              \float@addtolist interface has been
(scrbook)              restricted to only some of the KOMA-Script
(scrbook)              features and been removed from others.
(scrbook)              Loading of package `scrhack' may help to
(scrbook)              avoid this warning, if you are using a
(scrbook)              a package that still implements the
(scrbook)              deprecated \float@addtolist interface.

[5] [6


]
chapter 2.
LaTeX Font Info:    Font shape `T1/lmss/m/it' in size <10.95> not available
(Font)              Font shape `T1/lmss/m/sl' tried instead on input line 228.
LaTeX Font Info:    External font `lmex10' loaded for size
(Font)              <9> on input line 228.
LaTeX Font Info:    External font `lmex10' loaded for size
(Font)              <5> on input line 228.
[7] [8


]
chapter 3.
[9] [10


]
chapter 4.

Underfull \hbox (badness 10000) in paragraph at lines 284--284
[]|\T1/lmss/m/n/10.95 Spurentunnel
 []


Overfull \hbox (5.08127pt too wide) in paragraph at lines 285--285
[]|\T1/lmss/m/n/10.95 Beobachtungs-
 []


Overfull \hbox (24.6748pt too wide) in paragraph at lines 278--288
 [][] 
 []

<images/Layout_Strukturen.png, id=120, 597.432pt x 845.0772pt>
File: images/Layout_Strukturen.png Graphic file (type png)
<use images/Layout_Strukturen.png>
Package pdftex.def Info: images/Layout_Strukturen.png  used on input line 293.
(pdftex.def)             Requested size: 455.25636pt x 643.96747pt.
[11] [12 <./images/Layout_Strukturen.png>]
<images/Erhebungswochen.png, id=138, 614.295pt x 93.951pt>
File: images/Erhebungswochen.png Graphic file (type png)
<use images/Erhebungswochen.png>
Package pdftex.def Info: images/Erhebungswochen.png  used on input line 310.
(pdftex.def)             Requested size: 455.24606pt x 69.62587pt.
[13 <./images/Erhebungswochen.png>]
LaTeX Font Info:    Trying to load font information for TS1+lmss on input line 
330.
(c:/Users/rata/AppData/Roaming/TinyTeX/texmf-dist/tex/latex/lm/ts1lmss.fd
File: ts1lmss.fd 2009/10/30 v1.6 Font defs for Latin Modern
)
LaTeX Font Info:    Trying to load font information for T1+lmtt on input line 3
41.
(c:/Users/rata/AppData/Roaming/TinyTeX/texmf-dist/tex/latex/lm/t1lmtt.fd
File: t1lmtt.fd 2009/10/30 v1.6 Font defs for Latin Modern
)
<images/wirkungskontrolle_spontan_effort.png, id=150, 580.3281pt x 307.1475pt>
File: images/wirkungskontrolle_spontan_effort.png Graphic file (type png)
<use images/wirkungskontrolle_spontan_effort.png>
Package pdftex.def Info: images/wirkungskontrolle_spontan_effort.png  used on i
nput line 346.
(pdftex.def)             Requested size: 455.24863pt x 240.94728pt.
<images/beobachtungsmeldungen_histogramm.png, id=152, 469.2732pt x 250.2951pt>
File: images/beobachtungsmeldungen_histogramm.png Graphic file (type png)
<use images/beobachtungsmeldungen_histogramm.png>
Package pdftex.def Info: images/beobachtungsmeldungen_histogramm.png  used on i
nput line 359.
(pdftex.def)             Requested size: 455.2589pt x 242.82031pt.
[14 <./images/wirkungskontrolle_spontan_effort.png>] [15 <./images/beobachtungs
meldungen_histogramm.png>] [16


]
chapter 5.
<images/wirkungskontrolle_systematisch_einzelnachweise_waffle.png, id=174, 677.
1699pt x 198.9834pt>
File: images/wirkungskontrolle_systematisch_einzelnachweise_waffle.png Graphic 
file (type png)
<use images/wirkungskontrolle_systematisch_einzelnachweise_waffle.png>
Package pdftex.def Info: images/wirkungskontrolle_systematisch_einzelnachweise_
waffle.png  used on input line 373.
(pdftex.def)             Requested size: 455.2514pt x 133.77362pt.
<images/strukturen_mit_zielart.png, id=176, 578.16pt x 216.81pt>
File: images/strukturen_mit_zielart.png Graphic file (type png)
<use images/strukturen_mit_zielart.png>
Package pdftex.def Info: images/strukturen_mit_zielart.png  used on input line 
381.
(pdftex.def)             Requested size: 455.24165pt x 170.7156pt.
<images/str196/capture.jpg, id=177, 2569.6pt x 1445.4pt>
File: images/str196/capture.jpg Graphic file (type jpg)
<use images/str196/capture.jpg>
Package pdftex.def Info: images/str196/capture.jpg  used on input line 387.
(pdftex.def)             Requested size: 455.2152pt x 256.05855pt.
[17 <./images/wirkungskontrolle_systematisch_einzelnachweise_waffle.png>] [18 <
./images/strukturen_mit_zielart.png> <./images/str196/capture.jpg>]
<images/winterquartiere_resultate.jpg, id=197, 580.3281pt x 520.8258pt>
File: images/winterquartiere_resultate.jpg Graphic file (type jpg)
<use images/winterquartiere_resultate.jpg>
Package pdftex.def Info: images/winterquartiere_resultate.jpg  used on input li
ne 400.
(pdftex.def)             Requested size: 455.24863pt x 408.571pt.
<images/str238/10040255.jpg, id=198, 2457.18pt x 1842.885pt>
File: images/str238/10040255.jpg Graphic file (type jpg)
<use images/str238/10040255.jpg>
Package pdftex.def Info: images/str238/10040255.jpg  used on input line 404.
(pdftex.def)             Requested size: 223.04883pt x 167.28662pt.
<images/str238/10040261.jpg, id=199, 2457.18pt x 1842.885pt>
File: images/str238/10040261.jpg Graphic file (type jpg)
<use images/str238/10040261.jpg>
Package pdftex.def Info: images/str238/10040261.jpg  used on input line 404.
(pdftex.def)             Requested size: 223.04883pt x 167.28662pt.
<images/str238/10040263.jpg, id=200, 2457.18pt x 1842.885pt>
File: images/str238/10040263.jpg Graphic file (type jpg)
<use images/str238/10040263.jpg>
Package pdftex.def Info: images/str238/10040263.jpg  used on input line 404.
(pdftex.def)             Requested size: 223.04883pt x 167.28662pt.
<images/str238/10040267.jpg, id=201, 2457.18pt x 1842.885pt>
File: images/str238/10040267.jpg Graphic file (type jpg)
<use images/str238/10040267.jpg>
Package pdftex.def Info: images/str238/10040267.jpg  used on input line 404.
(pdftex.def)             Requested size: 223.04883pt x 167.28662pt.

Underfull \hbox (badness 2726) in paragraph at lines 404--404
[][] []
 []

<images/str13956/09280317.jpg, id=202, 2457.18pt x 1842.885pt>
File: images/str13956/09280317.jpg Graphic file (type jpg)
<use images/str13956/09280317.jpg>
Package pdftex.def Info: images/str13956/09280317.jpg  used on input line 408.
(pdftex.def)             Requested size: 455.24608pt x 341.43456pt.
<images/str13956/capture.jpg, id=203, 2569.6pt x 1445.4pt>
File: images/str13956/capture.jpg Graphic file (type jpg)
<use images/str13956/capture.jpg>
Package pdftex.def Info: images/str13956/capture.jpg  used on input line 408.
(pdftex.def)             Requested size: 455.2152pt x 256.05855pt.
<images/wirkungskontrolle_spontan_einzelnachweise_waffle.png, id=205, 677.1699p
t x 198.9834pt>
File: images/wirkungskontrolle_spontan_einzelnachweise_waffle.png Graphic file 
(type png)
<use images/wirkungskontrolle_spontan_einzelnachweise_waffle.png>
Package pdftex.def Info: images/wirkungskontrolle_spontan_einzelnachweise_waffl
e.png  used on input line 419.
(pdftex.def)             Requested size: 455.2514pt x 133.77362pt.
<images/wirkungskontrolle_spontan_strukturen_mit_zielart.png, id=206, 455.0601p
t x 113.7048pt>
File: images/wirkungskontrolle_spontan_strukturen_mit_zielart.png Graphic file 
(type png)
<use images/wirkungskontrolle_spontan_strukturen_mit_zielart.png>
Package pdftex.def Info: images/wirkungskontrolle_spontan_strukturen_mit_zielar
t.png  used on input line 427.
(pdftex.def)             Requested size: 455.05899pt x 113.70451pt.
[19 <./images/winterquartiere_resultate.jpg>] [20 <./images/str238/10040255.JPG
> <./images/str238/10040261.JPG> <./images/str238/10040263.JPG> <./images/str23
8/10040267.JPG>] [21 <./images/str13956/09280317.JPG> <./images/str13956/captur
e.jpg>]
Overfull \hbox (10.98335pt too wide) in paragraph at lines 437--438
[]\T1/lmss/m/n/10.95 Die grösste Un-sicher-heit in Bezug auf ihre Plau-si-bil-i
tät beste-ht bei den Mauswiesel-Sichtungsmeldungen.
 []

<images/beobachtungsmeldungen_filter.png, id=225, 569.0058pt x 142.131pt>
File: images/beobachtungsmeldungen_filter.png Graphic file (type png)
<use images/beobachtungsmeldungen_filter.png>
Package pdftex.def Info: images/beobachtungsmeldungen_filter.png  used on input
 line 442.
(pdftex.def)             Requested size: 455.23999pt x 113.71361pt.
[22 <./images/wirkungskontrolle_spontan_einzelnachweise_waffle.png> <./images/w
irkungskontrolle_spontan_strukturen_mit_zielart.png>]
<images/Layout_Beobachtungsmeldungen.png, id=236, 597.432pt x 421.0932pt>
File: images/Layout_Beobachtungsmeldungen.png Graphic file (type png)
<use images/Layout_Beobachtungsmeldungen.png>
Package pdftex.def Info: images/Layout_Beobachtungsmeldungen.png  used on input
 line 454.
(pdftex.def)             Requested size: 455.25636pt x 320.8823pt.
[23 <./images/beobachtungsmeldungen_filter.png>] [24 <./images/Layout_Beobachtu
ngsmeldungen.png>]
chapter 6.
<images/ampel_gelb.png, id=250, 879.285pt x 312.16624pt>
File: images/ampel_gelb.png Graphic file (type png)
<use images/ampel_gelb.png>
Package pdftex.def Info: images/ampel_gelb.png  used on input line 475.
(pdftex.def)             Requested size: 48.40778pt x 17.18587pt.

Underfull \hbox (badness 2012) in paragraph at lines 475--476
[]|\T1/lmss/m/n/10.95 Es kon-nten zwar Her-me-line, aber
 []

File: images/ampel_gelb.png Graphic file (type png)
<use images/ampel_gelb.png>
Package pdftex.def Info: images/ampel_gelb.png  used on input line 476.
(pdftex.def)             Requested size: 48.40778pt x 17.18587pt.
<images/ampel_gruen.png, id=251, 879.285pt x 313.17pt>
File: images/ampel_gruen.png Graphic file (type png)
<use images/ampel_gruen.png>
Package pdftex.def Info: images/ampel_gruen.png  used on input line 477.
(pdftex.def)             Requested size: 48.40778pt x 17.24112pt.
<images/ampel_rot.png, id=252, 879.285pt x 312.16624pt>
File: images/ampel_rot.png Graphic file (type png)
<use images/ampel_rot.png>
Package pdftex.def Info: images/ampel_rot.png  used on input line 478.
(pdftex.def)             Requested size: 48.40778pt x 17.18587pt.

Underfull \hbox (badness 10000) in paragraph at lines 478--479
[]|\T1/lmss/m/n/10.95 In Er-he-bung 1 kon-nten keine
 []


Underfull \hbox (badness 3199) in paragraph at lines 479--479
\T1/lmss/m/n/10.95 (min-destens Her-me-line) nachgewiesen
 []

File: images/ampel_gelb.png Graphic file (type png)
<use images/ampel_gelb.png>
Package pdftex.def Info: images/ampel_gelb.png  used on input line 479.
(pdftex.def)             Requested size: 48.40778pt x 17.18587pt.

Overfull \hbox (12.32085pt too wide) in paragraph at lines 471--482
 [][] 
 []

<images/kontext.png, id=255, 569.0058pt x 426.6339pt>
File: images/kontext.png Graphic file (type png)
<use images/kontext.png>
Package pdftex.def Info: images/kontext.png  used on input line 489.
(pdftex.def)             Requested size: 455.23999pt x 341.3336pt.
[25


] [26 <./images/ampel_gelb.png> <./images/ampel_gruen.png> <./images/ampel_rot.
png> <./images/kontext.png>] [27] [28


]
chapter 7.
[29] [30


]
chapter 8.
<images/massnahmen.jpg, id=298, 2333.71875pt x 981.6675pt>
File: images/massnahmen.jpg Graphic file (type jpg)
<use images/massnahmen.jpg>
Package pdftex.def Info: images/massnahmen.jpg  used on input line 545.
(pdftex.def)             Requested size: 455.23357pt x 191.49179pt.

Underfull \hbox (badness 2005) in paragraph at lines 553--553
[][][]|[]\T1/lmss/m/n/10.95 Zusam-men-stel-lung der Re-sul-tate ver-schieden-er
 Spurentunnel-Untersuchungen. n$[]$
 []

<Wiesel_und_Co_Schlussbericht_files/figure-latex/nachweiseprostruktur-1.pdf, id
=299, 469.755pt x 325.215pt>
File: Wiesel_und_Co_Schlussbericht_files/figure-latex/nachweiseprostruktur-1.pd
f Graphic file (type pdf)
<use Wiesel_und_Co_Schlussbericht_files/figure-latex/nachweiseprostruktur-1.pdf
>
Package pdftex.def Info: Wiesel_und_Co_Schlussbericht_files/figure-latex/nachwe
iseprostruktur-1.pdf  used on input line 627.
(pdftex.def)             Requested size: 455.24608pt x 315.17035pt.
[31 <./images/massnahmen.jpg>] [32] [33 <./Wiesel_und_Co_Schlussbericht_files/f
igure-latex/nachweiseprostruktur-1.pdf>]

LaTeX3 Info: Redefining command \BeforeClosingMainAux with sig. 'm' on line
(LaTeX3)     631.


LaTeX3 Info: Redefining command \BeforeClosingMainAux with sig. 'm' on line
(LaTeX3)     631.


LaTeX3 Info: Redefining command \BeforeClosingMainAux with sig. 'm' on line
(LaTeX3)     631.

(./Wiesel_und_Co_Schlussbericht.aux) ) 
Here is how much of TeX's memory you used:
 17476 strings out of 480971
 295373 string characters out of 5906341
 781035 words of memory out of 5000000
 34249 multiletter control sequences out of 15000+600000
 452771 words of font info for 67 fonts, out of 8000000 for 9000
 14 hyphenation exceptions out of 8191
 111i,13n,116p,10643b,430s stack positions out of 5000i,500n,10000p,200000b,80000s
{c:/Users/rata/AppData/Roaming/TinyTeX/te
xmf-dist/fonts/enc/dvips/lm/lm-mathit.enc}{c:/Users/rata/AppData/Roaming/TinyTe
X/texmf-dist/fonts/enc/dvips/lm/lm-rm.enc}{c:/Users/rata/AppData/Roaming/TinyTe
X/texmf-dist/fonts/enc/dvips/lm/lm-ec.enc}{c:/Users/rata/AppData/Roaming/TinyTe
X/texmf-dist/fonts/enc/dvips/lm/lm-ts1.enc}<c:/Users/rata/AppData/Roaming/TinyT
eX/texmf-dist/fonts/type1/public/lm/lmmi8.pfb><c:/Users/rata/AppData/Roaming/Ti
nyTeX/texmf-dist/fonts/type1/public/lm/lmr8.pfb><c:/Users/rata/AppData/Roaming/
TinyTeX/texmf-dist/fonts/type1/public/lm/lmss10.pfb><c:/Users/rata/AppData/Roam
ing/TinyTeX/texmf-dist/fonts/type1/public/lm/lmss17.pfb><c:/Users/rata/AppData/
Roaming/TinyTeX/texmf-dist/fonts/type1/public/lm/lmss8.pfb><c:/Users/rata/AppDa
ta/Roaming/TinyTeX/texmf-dist/fonts/type1/public/lm/lmss9.pfb><c:/Users/rata/Ap
pData/Roaming/TinyTeX/texmf-dist/fonts/type1/public/lm/lmssbx10.pfb><c:/Users/r
ata/AppData/Roaming/TinyTeX/texmf-dist/fonts/type1/public/lm/lmsso10.pfb><c:/Us
ers/rata/AppData/Roaming/TinyTeX/texmf-dist/fonts/type1/public/lm/lmtt10.pfb>
Output written on Wiesel_und_Co_Schlussbericht.pdf (33 pages, 10610968 bytes).
PDF statistics:
 460 PDF objects out of 1000 (max. 8388607)
 369 compressed objects within 4 object streams
 108 named destinations out of 1000 (max. 500000)
 323 words of extra memory for PDF output out of 10000 (max. 10000000)

